<?xml version="1.0" encoding="UTF-8"?>
<Site BuildName="(empty)"
	BuildStamp="20241001-1823-Experimental"
	Name="(empty)"
	Generator="ctest-3.25.1"
	CompilerName=""
	CompilerVersion=""
	OSName="Linux"
	Hostname="AmarAlaraby"
	OSRelease="6.2.0-39-generic"
	OSVersion="#40-Ubuntu SMP PREEMPT_DYNAMIC Tue Nov 14 14:18:00 UTC 2023"
	OSPlatform="x86_64"
	Is64Bits="1"
	VendorString="GenuineIntel"
	VendorID="Intel Corporation"
	FamilyID="6"
	ModelID="165"
	ProcessorCacheSize="12288"
	NumberOfLogicalCPU="12"
	NumberOfPhysicalCPU="6"
	TotalVirtualMemory="2047"
	TotalPhysicalMemory="15776"
	LogicalProcessorsPerPhysical="2"
	ProcessorClockFrequency="3318.52"
	>
	<Testing>
		<StartDateTime>Oct 01 21:23 EEST</StartDateTime>
		<StartTestTime>1727807028</StartTestTime>
		<TestList/>
		<EndDateTime>Oct 01 21:23 EEST</EndDateTime>
		<EndTestTime>1727807028</EndTestTime>
		<ElapsedMinutes>0</ElapsedMinutes>
	</Testing>
</Site>
